EEE
======================================================================
ERROR: test (__main__.Test)
----------------------------------------------------------------------
Traceback (most recent call last):
  File "d:\g\fhopecc\test_chinese.py", line 23, in test
    from fhopecc.chinese import 倉頡對照表, 倉頡首碼
  File "D:\g\fhopecc\chinese.py", line 14
    if len(string==0) return string
                      ^^^^^^
SyntaxError: invalid syntax

======================================================================
ERROR: test2 (__main__.Test)
----------------------------------------------------------------------
Traceback (most recent call last):
  File "d:\g\fhopecc\test_chinese.py", line 11, in test2
    from fhopecc.chinese import 首碼搜尋表示式, 倉頡首碼, 對照表
  File "D:\g\fhopecc\chinese.py", line 14
    if len(string==0) return string
                      ^^^^^^
SyntaxError: invalid syntax

======================================================================
ERROR: test_擴充字元切換 (__main__.Test)
----------------------------------------------------------------------
Traceback (most recent call last):
  File "d:\g\fhopecc\test_chinese.py", line 6, in test_擴充字元切換
    from fhopecc.chinese import 是否為中文字元, 擴充字元切換指令
  File "D:\g\fhopecc\chinese.py", line 14
    if len(string==0) return string
                      ^^^^^^
SyntaxError: invalid syntax

----------------------------------------------------------------------
Ran 3 tests in 0.015s

FAILED (errors=3)
